<?xml version="1.0" encoding="UTF-8"?>
<!-- Generated by org.testng.reporters.JUnitXMLReporter -->
<testsuite ignored="0" hostname="LAPTOP-S1I1D7FK" failures="0" tests="4" name="Default test" time="0.108" errors="0" timestamp="2020-10-26T16:14:44 IST">
  <testcase classname="com.example.automation.testNG.testNg_groups" name="test1" time="0.018"/>
  <testcase classname="com.example.automation.testNG.testNg_groups" name="test2" time="0.003"/>
  <testcase classname="com.example.automation.testNG.testNg_groups" name="test3" time="0.002"/>
  <testcase classname="com.example.automation.testNG.testNg_groups" name="test4" time="0.002"/>
</testsuite> <!-- Default test -->
