<?xml version="1.0" encoding="UTF-8"?>
<!-- Generated by org.testng.reporters.JUnitXMLReporter -->
<testsuite ignored="3" hostname="LAPTOP-S1I1D7FK" failures="0" tests="2" name="Test" time="0.1" errors="0" timestamp="2020-10-26T16:21:08 IST">
  <testcase classname="com.example.automation.testNG.testNg_groups" name="test1" time="0.017"/>
  <testcase classname="com.example.automation.testNG.testNg_groups" name="test5" time="0.002"/>
  <testcase classname="com.example.automation.testNG.testNg_groups" name="test2" time="0.0">
    <ignored/>
  </testcase> <!-- test2 -->
  <testcase classname="com.example.automation.testNG.testNg_groups" name="test3" time="0.0">
    <ignored/>
  </testcase> <!-- test3 -->
  <testcase classname="com.example.automation.testNG.testNg_groups" name="test4" time="0.0">
    <ignored/>
  </testcase> <!-- test4 -->
</testsuite> <!-- Test -->
