<?xml version="1.0" encoding="UTF-8"?>
<!-- Generated by org.testng.reporters.JUnitXMLReporter -->
<testsuite ignored="2" hostname="LAPTOP-S1I1D7FK" failures="0" tests="2" name="Test" time="8.169" errors="0" timestamp="2020-10-31T19:35:05 IST">
  <testcase classname="com.example.automation.testNG.signin_testNg_attributes" name="login" time="7.62"/>
  <testcase classname="com.example.automation.testNG.signin_testNg_attributes" name="dashboard" time="0.157"/>
  <testcase classname="com.example.automation.testNG.signin_testNg_attributes" name="logout" time="0.0">
    <ignored/>
  </testcase> <!-- logout -->
  <testcase classname="com.example.automation.testNG.signin_testNg_attributes" name="orderHistory" time="0.0">
    <ignored/>
  </testcase> <!-- orderHistory -->
</testsuite> <!-- Test -->
