<?xml version="1.0" encoding="UTF-8"?>
<testng-results ignored="0" total="1" passed="1" failed="0" skipped="0">
  <reporter-output>
  </reporter-output>
  <suite started-at="2020-10-26T13:37:08 IST" name="Suite" finished-at="2020-10-26T13:37:08 IST" duration-ms="103">
    <groups>
    </groups>
    <test started-at="2020-10-26T13:37:08 IST" name="Test" finished-at="2020-10-26T13:37:08 IST" duration-ms="103">
      <class name="com.example.automation.testNG.demo02_parameter_optional">
        <test-method is-config="true" signature="Setup(java.lang.String, java.lang.String)[pri:0, instance:com.example.automation.testNG.demo02_parameter_optional@19d481b]" started-at="2020-10-26T13:37:08 IST" name="Setup" finished-at="2020-10-26T13:37:08 IST" duration-ms="28" status="PASS">
          <params>
            <param index="0">
              <value>
                <![CDATA[Chrome]]>
              </value>
            </param>
            <param index="1">
              <value>
                <![CDATA[http://automationpractice.com/index.php]]>
              </value>
            </param>
          </params>
          <reporter-output>
          </reporter-output>
        </test-method> <!-- Setup -->
        <test-method signature="f()[pri:0, instance:com.example.automation.testNG.demo02_parameter_optional@19d481b]" started-at="2020-10-26T13:37:08 IST" name="f" finished-at="2020-10-26T13:37:08 IST" duration-ms="10" status="PASS">
          <reporter-output>
          </reporter-output>
        </test-method> <!-- f -->
      </class> <!-- com.example.automation.testNG.demo02_parameter_optional -->
    </test> <!-- Test -->
  </suite> <!-- Suite -->
</testng-results>
